-------------------------------------------------------------------------------
Test set: com.meeting.meeting.MailServiceTest
-------------------------------------------------------------------------------
Tests run: 1, Failures: 0, Errors: 1, Skipped: 0, Time elapsed: 0.43 s <<< FAILURE! - in com.meeting.meeting.MailServiceTest
initializationError(com.meeting.meeting.MailServiceTest)  Time elapsed: 0.007 s  <<< ERROR!
java.lang.IllegalStateException: Unable to find a @SpringBootConfiguration, you need to use @ContextConfiguration or @SpringBootTest(classes=...) with your test

